<?xml version="1.0" encoding="UTF-8"?>
<!-- Generated by org.testng.reporters.JUnitXMLReporter -->
<testsuite ignored="0" hostname="Atillas-MacBook-Pro.local" failures="0" tests="3" name="All Functionalities" time="66.159" errors="0" timestamp="2022-06-06T14:38:44 EDT">
  <testcase classname="scripts.CarsTest" name="validateSignInPageForm" time="9.706"/>
  <testcase classname="scripts.CarsTest" name="validateNotToSignIn" time="16.244"/>
  <testcase classname="scripts.CarsTest" name="validateSignInPageSocialMediaSection" time="20.221"/>
</testsuite> <!-- All Functionalities -->
