<?xml version="1.0" encoding="UTF-8"?>
<testng-results ignored="0" total="3" passed="3" failed="0" skipped="0">
  <reporter-output>
  </reporter-output>
  <suite started-at="2022-06-06T14:37:37 EDT" name="Regression" finished-at="2022-06-06T14:38:44 EDT" duration-ms="66159">
    <groups>
    </groups>
    <test started-at="2022-06-06T14:37:37 EDT" name="All Functionalities" finished-at="2022-06-06T14:38:44 EDT" duration-ms="66159">
      <class name="scripts.CarsTest">
        <test-method is-config="true" signature="setup()[pri:0, instance:scripts.CarsTest@31f924f5]" started-at="2022-06-06T14:37:37 EDT" name="setup" finished-at="2022-06-06T14:37:41 EDT" duration-ms="4039" status="PASS">
          <reporter-output>
          </reporter-output>
        </test-method> <!-- setup -->
        <test-method signature="validateSignInPageForm()[pri:1, instance:scripts.CarsTest@31f924f5]" started-at="2022-06-06T14:37:41 EDT" name="validateSignInPageForm" finished-at="2022-06-06T14:37:51 EDT" duration-ms="9706" status="PASS">
          <reporter-output>
          </reporter-output>
        </test-method> <!-- validateSignInPageForm -->
        <test-method is-config="true" signature="teardown()[pri:0, instance:scripts.CarsTest@31f924f5]" started-at="2022-06-06T14:37:51 EDT" name="teardown" finished-at="2022-06-06T14:37:55 EDT" duration-ms="3903" status="PASS">
          <reporter-output>
          </reporter-output>
        </test-method> <!-- teardown -->
        <test-method is-config="true" signature="setup()[pri:0, instance:scripts.CarsTest@31f924f5]" started-at="2022-06-06T14:37:55 EDT" name="setup" finished-at="2022-06-06T14:37:57 EDT" duration-ms="1812" status="PASS">
          <reporter-output>
          </reporter-output>
        </test-method> <!-- setup -->
        <test-method signature="validateNotToSignIn()[pri:2, instance:scripts.CarsTest@31f924f5]" started-at="2022-06-06T14:37:57 EDT" name="validateNotToSignIn" finished-at="2022-06-06T14:38:13 EDT" depends-on-methods="scripts.CarsTest.validateSignInPageForm" duration-ms="16244" status="PASS">
          <reporter-output>
          </reporter-output>
        </test-method> <!-- validateNotToSignIn -->
        <test-method is-config="true" signature="teardown()[pri:0, instance:scripts.CarsTest@31f924f5]" started-at="2022-06-06T14:38:13 EDT" name="teardown" finished-at="2022-06-06T14:38:17 EDT" duration-ms="4339" status="PASS">
          <reporter-output>
          </reporter-output>
        </test-method> <!-- teardown -->
        <test-method is-config="true" signature="setup()[pri:0, instance:scripts.CarsTest@31f924f5]" started-at="2022-06-06T14:38:17 EDT" name="setup" finished-at="2022-06-06T14:38:20 EDT" duration-ms="2144" status="PASS">
          <reporter-output>
          </reporter-output>
        </test-method> <!-- setup -->
        <test-method signature="validateSignInPageSocialMediaSection()[pri:3, instance:scripts.CarsTest@31f924f5]" started-at="2022-06-06T14:38:20 EDT" name="validateSignInPageSocialMediaSection" finished-at="2022-06-06T14:38:40 EDT" duration-ms="20221" status="PASS">
          <reporter-output>
          </reporter-output>
        </test-method> <!-- validateSignInPageSocialMediaSection -->
        <test-method is-config="true" signature="teardown()[pri:0, instance:scripts.CarsTest@31f924f5]" started-at="2022-06-06T14:38:40 EDT" name="teardown" finished-at="2022-06-06T14:38:44 EDT" duration-ms="3707" status="PASS">
          <reporter-output>
          </reporter-output>
        </test-method> <!-- teardown -->
      </class> <!-- scripts.CarsTest -->
    </test> <!-- All Functionalities -->
  </suite> <!-- Regression -->
</testng-results>
